  main.cpp
f:\pyhton\project\site\assistant\indexmanager\source\main.cpp : warning C4819: 该文件包含不能在当前代码页(936)中表示的字符。请将该文件保存为 Unicode 格式以防止数据丢失
f:\pyhton\project\site\assistant\indexmanager\pubh\indexmng.h : warning C4819: 该文件包含不能在当前代码页(936)中表示的字符。请将该文件保存为 Unicode 格式以防止数据丢失
f:\pyhton\project\site\assistant\indexmanager\source\main.cpp(37): warning C4267: “return”: 从“size_t”转换到“unsigned int”，可能丢失数据
f:\pyhton\project\site\assistant\indexmanager\source\main.cpp(150): warning C4267: “=”: 从“size_t”转换到“unsigned int”，可能丢失数据
f:\pyhton\project\site\assistant\indexmanager\source\main.cpp(153): warning C4267: “初始化”: 从“size_t”转换到“unsigned int”，可能丢失数据
f:\pyhton\project\site\assistant\indexmanager\source\main.cpp(172): warning C4554: “&”: 检查运算符优先级可能存在的错误；使用圆括号阐明优先级
f:\pyhton\project\site\assistant\indexmanager\source\main.cpp(212): warning C4267: “初始化”: 从“size_t”转换到“unsigned int”，可能丢失数据
f:\pyhton\project\site\assistant\indexmanager\source\main.cpp(220): warning C4018: “<”: 有符号/无符号不匹配
f:\pyhton\project\site\assistant\indexmanager\source\main.cpp(227): warning C4018: “<”: 有符号/无符号不匹配
f:\pyhton\project\site\assistant\indexmanager\source\main.cpp(232): warning C4018: “<”: 有符号/无符号不匹配
f:\pyhton\project\site\assistant\indexmanager\source\main.cpp(251): warning C4267: “=”: 从“size_t”转换到“unsigned int”，可能丢失数据
f:\pyhton\project\site\assistant\indexmanager\source\main.cpp(254): warning C4267: “初始化”: 从“size_t”转换到“unsigned int”，可能丢失数据
f:\pyhton\project\site\assistant\indexmanager\source\main.cpp(293): warning C4267: “=”: 从“size_t”转换到“unsigned int”，可能丢失数据
  正在生成代码...
  正在编译...
  IndexInfoRegister.cpp
f:\pyhton\project\site\assistant\indexmanager\source\indexinforegister.cpp : warning C4819: 该文件包含不能在当前代码页(936)中表示的字符。请将该文件保存为 Unicode 格式以防止数据丢失
f:\pyhton\project\site\assistant\indexmanager\pubh\indexmng.h : warning C4819: 该文件包含不能在当前代码页(936)中表示的字符。请将该文件保存为 Unicode 格式以防止数据丢失
  正在生成代码...
    正在创建库 F:\pyhton\project\site\assistant\IndexManager\project\windows\IndexMng\IndexMng\x64\Debug\IndexMng.lib 和对象 F:\pyhton\project\site\assistant\IndexManager\project\windows\IndexMng\IndexMng\x64\Debug\IndexMng.exp
  IndexMng.vcxproj -> F:\pyhton\project\site\assistant\IndexManager\project\windows\IndexMng\IndexMng\x64\Debug\IndexMng.dll
  IndexMng.vcxproj -> F:\pyhton\project\site\assistant\IndexManager\project\windows\IndexMng\IndexMng\x64\Debug\IndexMng.pdb (Partial PDB)
